<?xml version="1.0" encoding="UTF-8"?>
<testsuite name="XmlValidatorTest" tests="1" skipped="0" failures="0" errors="0" timestamp="2023-12-02T19:13:50" hostname="DESKTOP-TVM05MD" time="0.176">
  <properties/>
  <testcase name="testValidateXMLSchema()" classname="XmlValidatorTest" time="0.176"/>
  <system-out><![CDATA[]]></system-out>
  <system-err><![CDATA[]]></system-err>
</testsuite>
